[debug] [2022-06-18T05:56:15.875Z] ----------------------------------------------------------------------
[debug] [2022-06-18T05:56:15.876Z] Command:       C:\Program Files\nodejs\node.exe C:\Users\User\AppData\Roaming\npm\node_modules\firebase-tools\lib\bin\firebase.js deploy
[debug] [2022-06-18T05:56:15.877Z] CLI Version:   10.6.0
[debug] [2022-06-18T05:56:15.877Z] Platform:      win32
[debug] [2022-06-18T05:56:15.877Z] Node Version:  v16.13.1
[debug] [2022-06-18T05:56:15.884Z] Time:          Sat Jun 18 2022 11:56:15 GMT+0600 (Bangladesh Standard Time)
[debug] [2022-06-18T05:56:15.884Z] ----------------------------------------------------------------------
[debug] 
[debug] [2022-06-18T05:56:15.887Z] >>> [apiv2][query] GET https://firebase-public.firebaseio.com/cli.json [none]
[debug] [2022-06-18T05:56:15.955Z] > command requires scopes: ["email","openid","https://www.googleapis.com/auth/cloudplatformprojects.readonly","https://www.googleapis.com/auth/firebase","https://www.googleapis.com/auth/cloud-platform"]
[debug] [2022-06-18T05:56:15.955Z] > authorizing via signed-in user (nadiruzzamannibras@gmail.com)
[debug] [2022-06-18T05:56:15.955Z] [iam] checking project authentic-grocery for permissions ["firebase.projects.get","firebasehosting.sites.update"]
[debug] [2022-06-18T05:56:15.956Z] > refreshing access token with scopes: []
[debug] [2022-06-18T05:56:15.956Z] >>> HTTP REQUEST POST https://www.googleapis.com/oauth2/v3/token  
 <request body omitted>
[debug] [2022-06-18T05:56:16.300Z] <<< HTTP RESPONSE 200 {"pragma":"no-cache","expires":"Mon, 01 Jan 1990 00:00:00 GMT","date":"Sat, 18 Jun 2022 05:56:14 GMT","cache-control":"no-cache, no-store, max-age=0, must-revalidate","content-type":"application/json; charset=utf-8","vary":"X-Origin, Referer, Origin,Accept-Encoding","server":"scaffolding on HTTPServer2","x-xss-protection":"0","x-frame-options":"SAMEORIGIN","x-content-type-options":"nosniff","alt-svc":"h3=\":443\"; ma=2592000,h3-29=\":443\"; ma=2592000,h3-Q050=\":443\"; ma=2592000,h3-Q046=\":443\"; ma=2592000,h3-Q043=\":443\"; ma=2592000,quic=\":443\"; ma=2592000; v=\"46,43\"","accept-ranges":"none","transfer-encoding":"chunked"}
[debug] [2022-06-18T05:56:16.317Z] >>> [apiv2][query] POST https://cloudresourcemanager.googleapis.com/v1/projects/authentic-grocery:testIamPermissions [none]
[debug] [2022-06-18T05:56:16.317Z] >>> [apiv2][body] POST https://cloudresourcemanager.googleapis.com/v1/projects/authentic-grocery:testIamPermissions {"permissions":["firebase.projects.get","firebasehosting.sites.update"]}
[debug] [2022-06-18T05:56:16.880Z] <<< [apiv2][status] GET https://firebase-public.firebaseio.com/cli.json 200
[debug] [2022-06-18T05:56:16.880Z] <<< [apiv2][body] GET https://firebase-public.firebaseio.com/cli.json {"cloudBuildErrorAfter":1594252800000,"cloudBuildWarnAfter":1590019200000,"defaultNode10After":1594252800000,"minVersion":"3.0.5","node8DeploysDisabledAfter":1613390400000,"node8RuntimeDisabledAfter":1615809600000,"node8WarnAfter":1600128000000}
[debug] [2022-06-18T05:56:18.412Z] <<< [apiv2][status] POST https://cloudresourcemanager.googleapis.com/v1/projects/authentic-grocery:testIamPermissions 200
[debug] [2022-06-18T05:56:18.412Z] <<< [apiv2][body] POST https://cloudresourcemanager.googleapis.com/v1/projects/authentic-grocery:testIamPermissions {"permissions":["firebase.projects.get","firebasehosting.sites.update"]}
[debug] [2022-06-18T05:56:18.413Z] >>> [apiv2][query] GET https://firebase.googleapis.com/v1beta1/projects/authentic-grocery [none]
[debug] [2022-06-18T05:56:20.396Z] <<< [apiv2][status] GET https://firebase.googleapis.com/v1beta1/projects/authentic-grocery 200
[debug] [2022-06-18T05:56:20.396Z] <<< [apiv2][body] GET https://firebase.googleapis.com/v1beta1/projects/authentic-grocery {"projectId":"authentic-grocery","projectNumber":"820635409839","displayName":"Authentic Grocery","name":"projects/authentic-grocery","resources":{"hostingSite":"authentic-grocery"},"state":"ACTIVE"}
[info] 
[info] === Deploying to 'authentic-grocery'...
[info] 
[info] i  deploying hosting 
[debug] [2022-06-18T05:56:20.399Z] >>> [apiv2][query] GET https://firebase.googleapis.com/v1beta1/projects/authentic-grocery [none]
[debug] [2022-06-18T05:56:21.097Z] <<< [apiv2][status] GET https://firebase.googleapis.com/v1beta1/projects/authentic-grocery 200
[debug] [2022-06-18T05:56:21.097Z] <<< [apiv2][body] GET https://firebase.googleapis.com/v1beta1/projects/authentic-grocery {"projectId":"authentic-grocery","projectNumber":"820635409839","displayName":"Authentic Grocery","name":"projects/authentic-grocery","resources":{"hostingSite":"authentic-grocery"},"state":"ACTIVE"}
[debug] [2022-06-18T05:56:21.098Z] >>> [apiv2][query] POST https://firebasehosting.googleapis.com/v1beta1/projects/820635409839/sites/authentic-grocery/versions [none]
[debug] [2022-06-18T05:56:21.098Z] >>> [apiv2][body] POST https://firebasehosting.googleapis.com/v1beta1/projects/820635409839/sites/authentic-grocery/versions {"config":{"rewrites":[{"glob":"**","path":"/index.html"}]},"labels":{"deployment-tool":"cli-firebase"}}
[debug] [2022-06-18T05:56:23.075Z] <<< [apiv2][status] POST https://firebasehosting.googleapis.com/v1beta1/projects/820635409839/sites/authentic-grocery/versions 200
